<?xml version="1.0" encoding="UTF-8"?>
<!-- Generated by org.testng.reporters.JUnitReportReporter -->
<testsuite hostname="LAPTOP-8FOS0GGA" failures="0" tests="3" name="testcase.MySecondTestFW" time="28.469" errors="0" timestamp="2024-05-22T12:27:40 GMT-04:00" skipped="0">
  <testcase classname="testcase.MySecondTestFW" name="selectDropDown" time="3.370"/>
  <testcase classname="testcase.MySecondTestFW" name="AddressLine1" time="11.377"/>
  <testcase classname="testcase.MySecondTestFW" name="txtBoxSize" time="13.722"/>
</testsuite> <!-- testcase.MySecondTestFW -->
