<?xml version="1.0" encoding="UTF-8"?>
<!-- Generated by org.testng.reporters.JUnitReportReporter -->
<testsuite hostname="LAPTOP-8FOS0GGA" failures="0" tests="7" name="testcase.MyFirstTestFW" time="26.586" errors="0" timestamp="2024-05-22T10:07:07 GMT-04:00" skipped="0">
  <testcase classname="testcase.MyFirstTestFW" name="search" time="3.475"/>
  <testcase classname="testcase.MyFirstTestFW" name="ButtonText1" time="3.149"/>
  <testcase classname="testcase.MyFirstTestFW" name="TextBox" time="4.771"/>
  <testcase classname="testcase.MyFirstTestFW" name="VerifyGmail" time="4.292"/>
  <testcase classname="testcase.MyFirstTestFW" name="ButtonText2" time="3.581"/>
  <testcase classname="testcase.MyFirstTestFW" name="search" time="4.158"/>
  <testcase classname="testcase.MyFirstTestFW" name="ImagesTxt" time="3.160"/>
</testsuite> <!-- testcase.MyFirstTestFW -->
